Run python -m pytest tests/
============================= test session starts ==============================
platform linux -- Python 3.11.8, pytest-8.2.2
collected 18 items

tests/test_parser.py ..........F....                                     [100%]

=================================== FAILURES ===================================
________________________ test_extract_first_error_line _________________________

    def test_extract_first_error_line():
>       assert result.line_number == 42
E       AssertionError: assert 43 == 42

1 failed, 17 passed in 0.72s
Error: Process completed with exit code 1.
